<?xml version="1.0" encoding="UTF-8"?>
<!-- Generated by org.testng.reporters.JUnitReportReporter -->
<testsuite skipped="0" hostname="TA-DESK-151.local" name="Alerts.ModalTest" tests="1" failures="0" timestamp="09 Jan 2020 05:35:52 GMT" time="3.218" errors="0">
  <testcase name="testModalWindow" time="3.218" classname="Alerts.ModalTest"/>
</testsuite> <!-- Alerts.ModalTest -->
